[debug] [2021-02-19T22:56:09.001Z] ----------------------------------------------------------------------
[debug] [2021-02-19T22:56:09.002Z] Command:       /usr/local/bin/firebase /home/conor/.cache/firebase/tools/lib/node_modules/firebase-tools/lib/bin/firebase init
[debug] [2021-02-19T22:56:09.003Z] CLI Version:   9.4.0
[debug] [2021-02-19T22:56:09.003Z] Platform:      linux
[debug] [2021-02-19T22:56:09.003Z] Node Version:  v12.18.1
[debug] [2021-02-19T22:56:09.003Z] Time:          Fri Feb 19 2021 22:56:09 GMT+0000 (Greenwich Mean Time)
[debug] [2021-02-19T22:56:09.003Z] ----------------------------------------------------------------------
[debug] [2021-02-19T22:56:09.003Z] 
[debug] [2021-02-19T22:56:09.007Z] > command requires scopes: ["email","openid","https://www.googleapis.com/auth/cloudplatformprojects.readonly","https://www.googleapis.com/auth/firebase","https://www.googleapis.com/auth/cloud-platform"]
[debug] [2021-02-19T22:56:09.007Z] > authorizing via signed-in user
[info] 
     ######## #### ########  ######## ########     ###     ######  ########
     ##        ##  ##     ## ##       ##     ##  ##   ##  ##       ##
     ######    ##  ########  ######   ########  #########  ######  ######
     ##        ##  ##    ##  ##       ##     ## ##     ##       ## ##
     ##       #### ##     ## ######## ########  ##     ##  ######  ########

You're about to initialize a Firebase project in this directory:

  /home/conor/Repos/C-Sinclair/collude

[info] 
=== Project Setup
[info] 
[info] First, let's associate this project directory with a Firebase project.
[info] You can create multiple project aliases by running firebase use --add, 
[info] but for now we'll just set up a default project.
[info] 
[debug] [2021-02-19T22:56:18.375Z] > refreshing access token with scopes: []
[debug] [2021-02-19T22:56:18.375Z] >>> HTTP REQUEST POST https://www.googleapis.com/oauth2/v3/token  
 <request body omitted>
[debug] [2021-02-19T22:56:18.944Z] <<< HTTP RESPONSE 200 {"pragma":"no-cache","cache-control":"no-cache, no-store, max-age=0, must-revalidate","date":"Fri, 19 Feb 2021 22:56:40 GMT","expires":"Mon, 01 Jan 1990 00:00:00 GMT","content-type":"application/json; charset=utf-8","vary":"X-Origin, Referer, Origin,Accept-Encoding","server":"scaffolding on HTTPServer2","x-xss-protection":"0","x-frame-options":"SAMEORIGIN","x-content-type-options":"nosniff","alt-svc":"h3-29=\":443\"; ma=2592000,h3-T051=\":443\"; ma=2592000,h3-Q050=\":443\"; ma=2592000,h3-Q046=\":443\"; ma=2592000,h3-Q043=\":443\"; ma=2592000,quic=\":443\"; ma=2592000; v=\"46,43\"","accept-ranges":"none","transfer-encoding":"chunked"}
[debug] [2021-02-19T22:56:18.954Z] >>> [apiv2][query] GET https://firebase.googleapis.com/v1beta1/projects pageSize=100
[debug] [2021-02-19T22:56:19.458Z] <<< [apiv2][status] GET https://firebase.googleapis.com/v1beta1/projects 200
[debug] [2021-02-19T22:56:19.458Z] <<< [apiv2][body] GET https://firebase.googleapis.com/v1beta1/projects [omitted]
[info] i  Using project collude (collude) 
[info] 
=== Firestore Setup
[debug] [2021-02-19T22:56:20.279Z] > refreshing access token with scopes: ["email","https://www.googleapis.com/auth/cloud-platform","https://www.googleapis.com/auth/cloudplatformprojects.readonly","https://www.googleapis.com/auth/firebase","openid"]
[debug] [2021-02-19T22:56:20.280Z] >>> HTTP REQUEST POST https://www.googleapis.com/oauth2/v3/token  
 <request body omitted>
[debug] [2021-02-19T22:56:20.741Z] <<< HTTP RESPONSE 200 {"cache-control":"no-cache, no-store, max-age=0, must-revalidate","date":"Fri, 19 Feb 2021 22:56:42 GMT","pragma":"no-cache","expires":"Mon, 01 Jan 1990 00:00:00 GMT","content-type":"application/json; charset=utf-8","vary":"X-Origin, Referer, Origin,Accept-Encoding","server":"scaffolding on HTTPServer2","x-xss-protection":"0","x-frame-options":"SAMEORIGIN","x-content-type-options":"nosniff","alt-svc":"h3-29=\":443\"; ma=2592000,h3-T051=\":443\"; ma=2592000,h3-Q050=\":443\"; ma=2592000,h3-Q046=\":443\"; ma=2592000,h3-Q043=\":443\"; ma=2592000,quic=\":443\"; ma=2592000; v=\"46,43\"","accept-ranges":"none","transfer-encoding":"chunked"}
[debug] [2021-02-19T22:56:20.750Z] >>> HTTP REQUEST GET https://serviceusage.googleapis.com/v1/projects/collude/services/firestore.googleapis.com  
 
[debug] [2021-02-19T22:56:22.333Z] <<< HTTP RESPONSE 200 {"content-type":"application/json; charset=UTF-8","vary":"X-Origin, Referer, Origin,Accept-Encoding","date":"Fri, 19 Feb 2021 22:56:44 GMT","server":"ESF","cache-control":"private","x-xss-protection":"0","x-frame-options":"SAMEORIGIN","x-content-type-options":"nosniff","alt-svc":"h3-29=\":443\"; ma=2592000,h3-T051=\":443\"; ma=2592000,h3-Q050=\":443\"; ma=2592000,h3-Q046=\":443\"; ma=2592000,h3-Q043=\":443\"; ma=2592000,quic=\":443\"; ma=2592000; v=\"46,43\"","accept-ranges":"none","transfer-encoding":"chunked"}
[debug] [2021-02-19T22:56:22.334Z] >>> HTTP REQUEST GET https://appengine.googleapis.com/v1/apps/collude  
 
[debug] [2021-02-19T22:56:23.239Z] <<< HTTP RESPONSE 200 {"content-type":"application/json; charset=UTF-8","vary":"X-Origin, Referer, Origin,Accept-Encoding","date":"Fri, 19 Feb 2021 22:56:45 GMT","server":"ESF","cache-control":"private","x-xss-protection":"0","x-frame-options":"SAMEORIGIN","x-content-type-options":"nosniff","alt-svc":"h3-29=\":443\"; ma=2592000,h3-T051=\":443\"; ma=2592000,h3-Q050=\":443\"; ma=2592000,h3-Q046=\":443\"; ma=2592000,h3-Q043=\":443\"; ma=2592000,quic=\":443\"; ma=2592000; v=\"46,43\"","accept-ranges":"none","transfer-encoding":"chunked"}
[debug] [2021-02-19T22:56:23.240Z] database_type: CLOUD_FIRESTORE
[debug] [2021-02-19T22:56:23.241Z] > command requires scopes: ["email","openid","https://www.googleapis.com/auth/cloudplatformprojects.readonly","https://www.googleapis.com/auth/firebase","https://www.googleapis.com/auth/cloud-platform"]
[debug] [2021-02-19T22:56:23.242Z] > authorizing via signed-in user
[debug] [2021-02-19T22:56:23.243Z] [iam] checking project collude for permissions ["firebase.projects.get"]
[debug] [2021-02-19T22:56:23.243Z] >>> HTTP REQUEST POST https://cloudresourcemanager.googleapis.com/v1/projects/collude:testIamPermissions  
 {"permissions":["firebase.projects.get"]}
[debug] [2021-02-19T22:56:24.159Z] <<< HTTP RESPONSE 200 {"content-type":"application/json; charset=UTF-8","vary":"X-Origin, Referer, Origin,Accept-Encoding","date":"Fri, 19 Feb 2021 22:56:45 GMT","server":"ESF","cache-control":"private","x-xss-protection":"0","x-frame-options":"SAMEORIGIN","x-content-type-options":"nosniff","server-timing":"gfet4t7; dur=543","alt-svc":"h3-29=\":443\"; ma=2592000,h3-T051=\":443\"; ma=2592000,h3-Q050=\":443\"; ma=2592000,h3-Q046=\":443\"; ma=2592000,h3-Q043=\":443\"; ma=2592000,quic=\":443\"; ma=2592000; v=\"46,43\"","accept-ranges":"none","transfer-encoding":"chunked"}
[info] 
[info] Firestore Security Rules allow you to define how and when to allow
[info] requests. You can keep these rules in your project directory
[info] and publish them with firebase deploy.
[info] 
[debug] [2021-02-19T22:56:26.109Z] >>> HTTP REQUEST GET https://firebaserules.googleapis.com/v1/projects/collude/releases?pageSize=10&pageToken=  
 
[debug] [2021-02-19T22:56:27.233Z] <<< HTTP RESPONSE 200 {"content-type":"application/json; charset=UTF-8","vary":"X-Origin, Referer, Origin,Accept-Encoding","date":"Fri, 19 Feb 2021 22:56:49 GMT","server":"ESF","cache-control":"private","x-xss-protection":"0","x-frame-options":"SAMEORIGIN","x-content-type-options":"nosniff","alt-svc":"h3-29=\":443\"; ma=2592000,h3-T051=\":443\"; ma=2592000,h3-Q050=\":443\"; ma=2592000,h3-Q046=\":443\"; ma=2592000,h3-Q043=\":443\"; ma=2592000,quic=\":443\"; ma=2592000; v=\"46,43\"","accept-ranges":"none","transfer-encoding":"chunked"}
[debug] [2021-02-19T22:56:27.235Z] Found ruleset: projects/collude/rulesets/5bc0be68-adf6-41ba-8b6a-abbc4a31e7f4
[debug] [2021-02-19T22:56:27.236Z] >>> HTTP REQUEST GET https://firebaserules.googleapis.com/v1/projects/collude/rulesets/5bc0be68-adf6-41ba-8b6a-abbc4a31e7f4  
 
[debug] [2021-02-19T22:56:28.155Z] <<< HTTP RESPONSE 200 {"content-type":"application/json; charset=UTF-8","vary":"X-Origin, Referer, Origin,Accept-Encoding","date":"Fri, 19 Feb 2021 22:56:50 GMT","server":"ESF","cache-control":"private","x-xss-protection":"0","x-frame-options":"SAMEORIGIN","x-content-type-options":"nosniff","alt-svc":"h3-29=\":443\"; ma=2592000,h3-T051=\":443\"; ma=2592000,h3-Q050=\":443\"; ma=2592000,h3-Q046=\":443\"; ma=2592000,h3-Q043=\":443\"; ma=2592000,quic=\":443\"; ma=2592000; v=\"46,43\"","accept-ranges":"none","transfer-encoding":"chunked"}
[info] 
[info] Firestore indexes allow you to perform complex queries while
[info] maintaining performance that scales with the size of the result
[info] set. You can keep index definitions in your project directory
[info] and publish them with firebase deploy.
[info] 
[debug] [2021-02-19T22:56:30.891Z] >>> HTTP REQUEST GET https://firestore.googleapis.com/v1/projects/collude/databases/(default)/collectionGroups/-/indexes  
 
[debug] [2021-02-19T22:56:30.892Z] >>> HTTP REQUEST GET https://firestore.googleapis.com/v1/projects/collude/databases/(default)/collectionGroups/-/fields?filter=indexConfig.usesAncestorConfig=false  
 
[debug] [2021-02-19T22:56:31.533Z] <<< HTTP RESPONSE 200 {"content-type":"application/json; charset=UTF-8","vary":"X-Origin, Referer, Origin,Accept-Encoding","date":"Fri, 19 Feb 2021 22:56:53 GMT","server":"ESF","cache-control":"private","x-xss-protection":"0","x-frame-options":"SAMEORIGIN","x-content-type-options":"nosniff","alt-svc":"h3-29=\":443\"; ma=2592000,h3-T051=\":443\"; ma=2592000,h3-Q050=\":443\"; ma=2592000,h3-Q046=\":443\"; ma=2592000,h3-Q043=\":443\"; ma=2592000,quic=\":443\"; ma=2592000; v=\"46,43\"","accept-ranges":"none","transfer-encoding":"chunked"}
[debug] [2021-02-19T22:56:31.675Z] <<< HTTP RESPONSE 200 {"content-type":"application/json; charset=UTF-8","vary":"X-Origin, Referer, Origin,Accept-Encoding","date":"Fri, 19 Feb 2021 22:56:53 GMT","server":"ESF","cache-control":"private","x-xss-protection":"0","x-frame-options":"SAMEORIGIN","x-content-type-options":"nosniff","alt-svc":"h3-29=\":443\"; ma=2592000,h3-T051=\":443\"; ma=2592000,h3-Q050=\":443\"; ma=2592000,h3-Q046=\":443\"; ma=2592000,h3-Q043=\":443\"; ma=2592000,quic=\":443\"; ma=2592000; v=\"46,43\"","accept-ranges":"none","transfer-encoding":"chunked"}
[info] 
=== Functions Setup
[info] 
[info] A functions directory will be created in your project with a Node.js
[info] package pre-configured. Functions can be deployed with firebase deploy.
[info] 
[debug] [2021-02-19T22:56:31.678Z] > command requires scopes: ["email","openid","https://www.googleapis.com/auth/cloudplatformprojects.readonly","https://www.googleapis.com/auth/firebase","https://www.googleapis.com/auth/cloud-platform"]
[debug] [2021-02-19T22:56:31.679Z] > authorizing via signed-in user
[debug] [2021-02-19T22:56:31.679Z] [iam] checking project collude for permissions ["firebase.projects.get"]
[debug] [2021-02-19T22:56:31.679Z] >>> HTTP REQUEST POST https://cloudresourcemanager.googleapis.com/v1/projects/collude:testIamPermissions  
 {"permissions":["firebase.projects.get"]}
[debug] [2021-02-19T22:56:32.332Z] <<< HTTP RESPONSE 200 {"content-type":"application/json; charset=UTF-8","vary":"X-Origin, Referer, Origin,Accept-Encoding","date":"Fri, 19 Feb 2021 22:56:54 GMT","server":"ESF","cache-control":"private","x-xss-protection":"0","x-frame-options":"SAMEORIGIN","x-content-type-options":"nosniff","server-timing":"gfet4t7; dur=549","alt-svc":"h3-29=\":443\"; ma=2592000,h3-T051=\":443\"; ma=2592000,h3-Q050=\":443\"; ma=2592000,h3-Q046=\":443\"; ma=2592000,h3-Q043=\":443\"; ma=2592000,quic=\":443\"; ma=2592000; v=\"46,43\"","accept-ranges":"none","transfer-encoding":"chunked"}
[debug] [2021-02-19T22:56:32.334Z] >>> HTTP REQUEST POST https://serviceusage.googleapis.com/v1/projects/collude/services/cloudfunctions.googleapis.com:enable  
 
[debug] [2021-02-19T22:56:32.336Z] >>> HTTP REQUEST POST https://serviceusage.googleapis.com/v1/projects/collude/services/runtimeconfig.googleapis.com:enable  
 
[debug] [2021-02-19T22:56:33.128Z] <<< HTTP RESPONSE 200 {"content-type":"application/json; charset=UTF-8","vary":"X-Origin, Referer, Origin,Accept-Encoding","date":"Fri, 19 Feb 2021 22:56:55 GMT","server":"ESF","cache-control":"private","x-xss-protection":"0","x-frame-options":"SAMEORIGIN","x-content-type-options":"nosniff","alt-svc":"h3-29=\":443\"; ma=2592000,h3-T051=\":443\"; ma=2592000,h3-Q050=\":443\"; ma=2592000,h3-Q046=\":443\"; ma=2592000,h3-Q043=\":443\"; ma=2592000,quic=\":443\"; ma=2592000; v=\"46,43\"","accept-ranges":"none","transfer-encoding":"chunked"}
[debug] [2021-02-19T22:56:33.683Z] <<< HTTP RESPONSE 200 {"content-type":"application/json; charset=UTF-8","vary":"X-Origin, Referer, Origin,Accept-Encoding","date":"Fri, 19 Feb 2021 22:56:55 GMT","server":"ESF","cache-control":"private","x-xss-protection":"0","x-frame-options":"SAMEORIGIN","x-content-type-options":"nosniff","alt-svc":"h3-29=\":443\"; ma=2592000,h3-T051=\":443\"; ma=2592000,h3-Q050=\":443\"; ma=2592000,h3-Q046=\":443\"; ma=2592000,h3-Q043=\":443\"; ma=2592000,quic=\":443\"; ma=2592000; v=\"46,43\"","accept-ranges":"none","transfer-encoding":"chunked"}
[info] ✔  Wrote functions/package.json 
[info] ✔  Wrote functions/.eslintrc.js 
[info] ✔  Wrote functions/index.js 
[info] ✔  Wrote functions/.gitignore 
[info] 
=== Hosting Setup
[info] 
[info] Your public directory is the folder (relative to your project directory) that
[info] will contain Hosting assets to be uploaded with firebase deploy. If you
[info] have a build process for your assets, use your build's output directory.
[info] 
[debug] [2021-02-19T22:57:19.194Z] >>> [apiv2][query] GET https://www.gstatic.com/firebasejs/releases.json [none]
[debug] [2021-02-19T22:57:19.497Z] <<< [apiv2][status] GET https://www.gstatic.com/firebasejs/releases.json 200
[debug] [2021-02-19T22:57:19.498Z] <<< [apiv2][body] GET https://www.gstatic.com/firebasejs/releases.json {"current":{"version":"8.2.8","browserURL":"https://www.gstatic.com/firebasejs/8.2.8/firebase.js","packageURL":"https://www.gstatic.com/firebasejs/8.2.8/firebase.tgz"},"live":{"version":"8.2","browserURL":"https://www.gstatic.com/firebasejs/live/8.2/firebase.js","packageURL":"https://www.gstatic.com/firebasejs/live/8.2/firebase.tgz"},"components":{"analytics":"https://www.gstatic.com/firebasejs/8.2.8/firebase-analytics.js","app":"https://www.gstatic.com/firebasejs/8.2.8/firebase-app.js","auth":"https://www.gstatic.com/firebasejs/8.2.8/firebase-auth.js","database":"https://www.gstatic.com/firebasejs/8.2.8/firebase-database.js","firestore":"https://www.gstatic.com/firebasejs/8.2.8/firebase-firestore.js","functions":"https://www.gstatic.com/firebasejs/8.2.8/firebase-functions.js","installations":"https://www.gstatic.com/firebasejs/8.2.8/firebase-installations.js","messaging":"https://www.gstatic.com/firebasejs/8.2.8/firebase-messaging.js","storage":"https://www.gstatic.com/firebasejs/8.2.8/firebase-storage.js","performance":"https://www.gstatic.com/firebasejs/8.2.8/firebase-performance.js","remote-config":"https://www.gstatic.com/firebasejs/8.2.8/firebase-remote-config.js","firestore.memory":"https://www.gstatic.com/firebasejs/8.2.8/firebase-firestore.memory.js"}}
[info] ✔  Wrote public/index.html 
[info] 
[info] i  Detected a .git folder at /home/conor/Repos/C-Sinclair/collude 
[info] i  Authorizing with GitHub to upload your service account to a GitHub repository's secrets store. 
[info] 
[info] Visit this URL on this device to log in:
[info] https://github.com/login/oauth/authorize?client_id=89cf50f02ac6aaed3484&state=805732177&redirect_uri=http%3A%2F%2Flocalhost%3A9005&scope=read%3Auser%20repo%20public_repo
[info] 
[info] Waiting for authentication...
[debug] [2021-02-19T22:58:36.879Z] >>> HTTP REQUEST POST https://github.com/login/oauth/access_token  
 {"client_id":"89cf50f02ac6aaed3484","client_secret":"3330d14abc895d9a74d5f17cd7a00711fa2c5bf0","code":"ee61d240ec04e061fe58","redirect_uri":"http://localhost:9005","state":"805732177"}
[debug] [2021-02-19T22:58:37.278Z] <<< HTTP RESPONSE 200 {"server":"GitHub.com","date":"Fri, 19 Feb 2021 22:58:59 GMT","content-type":"application/json; charset=utf-8","vary":"X-PJAX, Accept-Encoding, Accept, X-Requested-With","etag":"W/\"a3f26a25226aa36e8424035985eaeee6\"","cache-control":"max-age=0, private, must-revalidate","strict-transport-security":"max-age=31536000; includeSubdomains; preload","x-frame-options":"deny","x-content-type-options":"nosniff","x-xss-protection":"1; mode=block","referrer-policy":"origin-when-cross-origin, strict-origin-when-cross-origin","expect-ct":"max-age=2592000, report-uri=\"https://api.github.com/_private/browser/errors\"","content-security-policy":"default-src 'none'; base-uri 'self'; block-all-mixed-content; connect-src 'self' uploads.github.com www.githubstatus.com collector.githubapp.com api.github.com github-cloud.s3.amazonaws.com github-production-repository-file-5c1aeb.s3.amazonaws.com github-production-upload-manifest-file-7fdce7.s3.amazonaws.com github-production-user-asset-6210df.s3.amazonaws.com cdn.optimizely.com logx.optimizely.com/v1/events wss://alive.github.com; font-src github.githubassets.com; form-action 'self' github.com gist.github.com; frame-ancestors 'none'; frame-src render.githubusercontent.com; img-src 'self' data: github.githubassets.com identicons.github.com collector.githubapp.com github-cloud.s3.amazonaws.com user-images.githubusercontent.com/ *.githubusercontent.com; manifest-src 'self'; media-src 'none'; script-src github.githubassets.com; style-src 'unsafe-inline' github.githubassets.com; worker-src github.com/socket-worker-5029ae85.js gist.github.com/socket-worker-5029ae85.js","x-github-request-id":"9EE0:EFF5:CC5B24:E9F1B5:603042B3","transfer-encoding":"chunked"}
[debug] [2021-02-19T22:58:37.286Z] >>> [apiv2][query] GET https://api.github.com/user [none]
[debug] [2021-02-19T22:58:37.942Z] <<< [apiv2][status] GET https://api.github.com/user 200
[debug] [2021-02-19T22:58:37.942Z] <<< [apiv2][body] GET https://api.github.com/user {"login":"C-Sinclair","id":43808574,"node_id":"MDQ6VXNlcjQzODA4NTc0","avatar_url":"https://avatars.githubusercontent.com/u/43808574?v=4","gravatar_id":"","url":"https://api.github.com/users/C-Sinclair","html_url":"https://github.com/C-Sinclair","followers_url":"https://api.github.com/users/C-Sinclair/followers","following_url":"https://api.github.com/users/C-Sinclair/following{/other_user}","gists_url":"https://api.github.com/users/C-Sinclair/gists{/gist_id}","starred_url":"https://api.github.com/users/C-Sinclair/starred{/owner}{/repo}","subscriptions_url":"https://api.github.com/users/C-Sinclair/subscriptions","organizations_url":"https://api.github.com/users/C-Sinclair/orgs","repos_url":"https://api.github.com/users/C-Sinclair/repos","events_url":"https://api.github.com/users/C-Sinclair/events{/privacy}","received_events_url":"https://api.github.com/users/C-Sinclair/received_events","type":"User","site_admin":false,"name":"Conor Sinclair","company":null,"blog":"https://c.sinclair.software/","location":null,"email":"conor@sinclair.software","hireable":null,"bio":"A Software Developer of Autodidactic Persuasion\r\nAspires for clean, elegant solutions, so he is always sure to wash and rinse his code well","twitter_username":null,"public_repos":49,"public_gists":6,"followers":3,"following":15,"created_at":"2018-10-03T08:40:41Z","updated_at":"2021-02-19T22:58:57Z","private_gists":3,"total_private_repos":10,"owned_private_repos":9,"disk_usage":1150562,"collaborators":1,"two_factor_authentication":true,"plan":{"name":"free","space":976562499,"collaborators":0,"private_repos":10000}}
[info] 
[info] ✔  Success! Logged into GitHub as C-Sinclair 
[info] 
[debug] [2021-02-19T22:58:50.730Z] >>> [apiv2][query] GET https://api.github.com/repos/C-Sinclair/collude/actions/secrets/public-key type=owner
[debug] [2021-02-19T22:58:51.615Z] <<< [apiv2][status] GET https://api.github.com/repos/C-Sinclair/collude/actions/secrets/public-key 404
[debug] [2021-02-19T22:58:51.616Z] <<< [apiv2][body] GET https://api.github.com/repos/C-Sinclair/collude/actions/secrets/public-key {"message":"Not Found","documentation_url":"https://docs.github.com/rest/reference/actions#get-a-repository-public-key"}
[debug] [2021-02-19T22:58:56.107Z] >>> [apiv2][query] GET https://api.github.com/repos//actions/secrets/public-key type=owner
[debug] [2021-02-19T22:58:57.145Z] <<< [apiv2][status] GET https://api.github.com/repos//actions/secrets/public-key 404
[debug] [2021-02-19T22:58:57.145Z] <<< [apiv2][body] GET https://api.github.com/repos//actions/secrets/public-key {"message":"Not Found","documentation_url":"https://docs.github.com/rest"}
[debug] [2021-02-19T22:58:59.181Z] >>> [apiv2][query] GET https://api.github.com/repos//actions/secrets/public-key type=owner
[debug] [2021-02-19T22:58:59.909Z] <<< [apiv2][status] GET https://api.github.com/repos//actions/secrets/public-key 404
[debug] [2021-02-19T22:58:59.909Z] <<< [apiv2][body] GET https://api.github.com/repos//actions/secrets/public-key {"message":"Not Found","documentation_url":"https://docs.github.com/rest"}
[debug] [2021-02-19T22:59:00.408Z] >>> [apiv2][query] GET https://api.github.com/repos//actions/secrets/public-key type=owner
[debug] [2021-02-19T22:59:00.567Z] >>> [apiv2][query] GET https://api.github.com/repos//actions/secrets/public-key type=owner
[debug] [2021-02-19T22:59:06.054Z] <<< [apiv2][status] GET https://api.github.com/repos//actions/secrets/public-key 404
[debug] [2021-02-19T22:59:06.054Z] <<< [apiv2][body] GET https://api.github.com/repos//actions/secrets/public-key {"message":"Not Found","documentation_url":"https://docs.github.com/rest"}
[debug] [2021-02-19T22:59:06.974Z] <<< [apiv2][status] GET https://api.github.com/repos//actions/secrets/public-key 404
[debug] [2021-02-19T22:59:06.975Z] <<< [apiv2][body] GET https://api.github.com/repos//actions/secrets/public-key {"message":"Not Found","documentation_url":"https://docs.github.com/rest"}
